0 info it worked if it ends with ok
1 verbose cli [ '/Users/candacecohen/.nvm/versions/node/v5.5.0/bin/node',
1 verbose cli   '/Users/candacecohen/.nvm/versions/node/v5.5.0/bin/npm',
1 verbose cli   'run',
1 verbose cli   'start' ]
2 info using npm@3.3.12
3 info using node@v5.5.0
4 verbose run-script [ 'prestart', 'start', 'poststart' ]
5 info lifecycle onpoint@1.0.0~prestart: onpoint@1.0.0
6 silly lifecycle onpoint@1.0.0~prestart: no script for prestart, continuing
7 info lifecycle onpoint@1.0.0~start: onpoint@1.0.0
8 verbose lifecycle onpoint@1.0.0~start: unsafe-perm in lifecycle true
9 verbose lifecycle onpoint@1.0.0~start: PATH: /Users/candacecohen/.nvm/versions/node/v5.5.0/lib/node_modules/npm/bin/node-gyp-bin:/Users/candacecohen/Desktop/onpointofferings/public/node_modules/.bin:/Users/candacecohen/.nvm/versions/node/v5.5.0/bin:/usr/local/bin:/usr/bin:/bin:/usr/sbin:/sbin
10 verbose lifecycle onpoint@1.0.0~start: CWD: /Users/candacecohen/Desktop/onpointofferings/public
11 silly lifecycle onpoint@1.0.0~start: Args: [ '-c', 'npm run watch & ./node_modules/.bin/serve' ]
12 info lifecycle onpoint@1.0.0~start: Failed to exec start script
13 verbose stack Error: onpoint@1.0.0 start: `npm run watch & ./node_modules/.bin/serve`
13 verbose stack spawn ENOENT
13 verbose stack     at ChildProcess.<anonymous> (/Users/candacecohen/.nvm/versions/node/v5.5.0/lib/node_modules/npm/lib/utils/spawn.js:17:16)
13 verbose stack     at emitTwo (events.js:100:13)
13 verbose stack     at ChildProcess.emit (events.js:185:7)
13 verbose stack     at maybeClose (internal/child_process.js:821:16)
13 verbose stack     at Process.ChildProcess._handle.onexit (internal/child_process.js:211:5)
14 verbose pkgid onpoint@1.0.0
15 verbose cwd /Users/candacecohen/Desktop/onpointofferings/public
16 error Darwin 15.3.0
17 error argv "/Users/candacecohen/.nvm/versions/node/v5.5.0/bin/node" "/Users/candacecohen/.nvm/versions/node/v5.5.0/bin/npm" "run" "start"
18 error node v5.5.0
19 error npm  v3.3.12
20 error file sh
21 error code ELIFECYCLE
22 error errno ENOENT
23 error syscall spawn
24 error onpoint@1.0.0 start: `npm run watch & ./node_modules/.bin/serve`
24 error spawn ENOENT
25 error Failed at the onpoint@1.0.0 start script 'npm run watch & ./node_modules/.bin/serve'.
25 error Make sure you have the latest version of node.js and npm installed.
25 error If you do, this is most likely a problem with the onpoint package,
25 error not with npm itself.
25 error Tell the author that this fails on your system:
25 error     npm run watch & ./node_modules/.bin/serve
25 error You can get their info via:
25 error     npm owner ls onpoint
25 error There is likely additional logging output above.
26 verbose exit [ 1, true ]
